2021-08-22 15:33:09  [TC1] (main:) Logged in successfully
2021-08-22 15:33:09  [TC1] (main:) Clicked on explore
2021-08-22 15:33:14  [TC1] (main:) Clicked on trending
2021-08-22 15:33:27  [TC1] (main:) Logout successfully
2021-08-22 15:39:31  [TC1] (main:) Logged in successfully
2021-08-22 16:36:12  [TC1] (main:) Logged in successfully
2021-08-22 16:36:13  [TC1] (main:) Clicked on explore
2021-08-22 16:36:18  [TC1] (main:) Clicked on trending
2021-08-22 16:36:31  [TC1] (main:) Logout successfully
2021-09-02 19:59:14  [TC1] (main:) Logged in successfully
2021-09-02 19:59:15  [TC1] (main:) Clicked on explore
2021-09-02 19:59:20  [TC1] (main:) Clicked on trending
2021-09-02 19:59:34  [TC1] (main:) Logout successfully
2021-09-02 20:00:06  [TC1] (main:) Logged in successfully
2021-09-02 20:00:09  [TC1] (main:) Clicked on subscriptions
2021-09-02 20:00:17  [TC1] (main:) Logout successfully
2021-09-02 20:00:49  [TC1] (main:) Logged in successfully
2021-09-02 20:00:55  [TC1] (main:) Subscribed
2021-09-02 20:01:38  [TC1] (main:) Logout successfully
2021-09-02 20:04:39  [TC1] (main:) Logged in successfully
2021-09-02 20:04:42  [TC1] (main:) Clicked on subscriptions
2021-09-02 20:04:50  [TC1] (main:) Logout successfully
2021-09-02 20:05:27  [TC1] (main:) Logged in successfully
2021-09-02 20:05:32  [TC1] (main:) Subscribed
2021-09-02 20:05:41  [TC1] (main:) Logout successfully
2021-09-02 20:06:24  [TC1] (main:) Logout successfully
2021-09-03 14:54:09  [TC1] (main:) Logged in successfully
2021-09-03 14:54:10  [TC1] (main:) Clicked on explore
2021-09-03 14:54:15  [TC1] (main:) Clicked on trending
2021-09-03 14:54:29  [TC1] (main:) Logout successfully
